10 : 10001111
32 : 010
40 : 11001101
41 : 11001110
44 : 110010
45 : 01100110
46 : 111010
48 : 100000101
49 : 01100111000
50 : 01100111001
51 : 01100111010
52 : 01100111011
53 : 0110111111
54 : 1000000000
55 : 1000000001
59 : 01100111100
80 : 01100111101
97 : 100000110
103 : 01100111110
105 : 01100111111
109 : 1000000010
110 : 01101110000
111 : 1000000011
114 : 01101110001
116 : 100011101
117 : 01101110010
121 : 01101110011
184 : 100000111
192 : 1000000100
194 : 110011000
196 : 100011100
197 : 01101110100
199 : 1000000101
202 : 01101110101
204 : 01101110110
205 : 01101110111
206 : 01101111000
207 : 11001111
208 : 01101111001
209 : 01101111010
210 : 110011001
211 : 1000000110
221 : 01101111011
222 : 1000000111
224 : 0111
225 : 111011
226 : 00011
227 : 0001000
228 : 11000
229 : 1001
230 : 1000011
231 : 011010
232 : 0010
233 : 0110110
234 : 000101
235 : 1111
236 : 10101
237 : 1011
238 : 0011
239 : 10100
240 : 00001
241 : 00000
242 : 1101
243 : 011000
244 : 01101111100
245 : 01100100
246 : 1000001000
247 : 1000110
248 : 10000100
249 : 01100101
250 : 01101111101
251 : 11100
252 : 0001001
253 : 1000001001
254 : 10000101
255 : 100010
Information capacity = 4.724648
Input file size = 2080
Code length = 9897
Redundancy = 0.007046
